<?xml version="1.0" encoding="UTF-8"?>
<!-- Generated by org.testng.reporters.JUnitXMLReporter -->
<testsuite ignored="0" hostname="TCSs-Mac-mini.local" failures="0" tests="3" name="Test" time="31.872" errors="0" timestamp="2020-03-05T15:41:28 IST">
  <testcase classname="com.test.flipkart.OrderItem" name="openFlipkart" time="0.721"/>
  <testcase classname="com.test.flipkart.OrderItem" name="searchItem" time="10.628"/>
  <testcase classname="com.test.flipkart.OrderItem" name="grantLocation" time="3.572"/>
</testsuite> <!-- Test -->
