<?xml version="1.0" encoding="UTF-8"?>
<testng-results ignored="0" total="3" passed="3" failed="0" skipped="0">
  <reporter-output>
  </reporter-output>
  <suite started-at="2020-03-04T20:19:53 IST" name="Suite" finished-at="2020-03-04T20:20:25 IST" duration-ms="31750">
    <groups>
    </groups>
    <test started-at="2020-03-04T20:19:53 IST" name="Test" finished-at="2020-03-04T20:20:25 IST" duration-ms="31750">
      <class name="com.test.flipkart.OrderItem">
        <test-method is-config="true" signature="beforeclass()[pri:0, instance:com.test.flipkart.OrderItem@670002]" started-at="2020-03-04T20:19:53 IST" name="beforeclass" finished-at="2020-03-04T20:20:09 IST" duration-ms="16584" status="PASS">
          <reporter-output>
          </reporter-output>
        </test-method> <!-- beforeclass -->
        <test-method signature="openFlipkart()[pri:0, instance:com.test.flipkart.OrderItem@670002]" started-at="2020-03-04T20:20:09 IST" name="openFlipkart" finished-at="2020-03-04T20:20:10 IST" duration-ms="710" status="PASS">
          <reporter-output>
          </reporter-output>
        </test-method> <!-- openFlipkart -->
        <test-method signature="searchItem()[pri:0, instance:com.test.flipkart.OrderItem@670002]" started-at="2020-03-04T20:20:10 IST" name="searchItem" finished-at="2020-03-04T20:20:21 IST" depends-on-methods="com.test.flipkart.OrderItem.openFlipkart" duration-ms="10587" status="PASS">
          <reporter-output>
          </reporter-output>
        </test-method> <!-- searchItem -->
        <test-method signature="grantLocation()[pri:0, instance:com.test.flipkart.OrderItem@670002]" started-at="2020-03-04T20:20:21 IST" name="grantLocation" finished-at="2020-03-04T20:20:24 IST" depends-on-methods="com.test.flipkart.OrderItem.searchItem" duration-ms="3352" status="PASS">
          <reporter-output>
          </reporter-output>
        </test-method> <!-- grantLocation -->
        <test-method is-config="true" signature="afterclass()[pri:0, instance:com.test.flipkart.OrderItem@670002]" started-at="2020-03-04T20:20:24 IST" name="afterclass" finished-at="2020-03-04T20:20:25 IST" duration-ms="497" status="PASS">
          <reporter-output>
          </reporter-output>
        </test-method> <!-- afterclass -->
      </class> <!-- com.test.flipkart.OrderItem -->
    </test> <!-- Test -->
  </suite> <!-- Suite -->
</testng-results>
