<?xml version="1.0" encoding="UTF-8"?>
<testng-results ignored="0" total="3" passed="3" failed="0" skipped="0">
  <reporter-output>
  </reporter-output>
  <suite started-at="2020-03-05T15:40:51 IST" name="Suite" finished-at="2020-03-05T15:41:23 IST" duration-ms="31872">
    <groups>
    </groups>
    <test started-at="2020-03-05T15:40:51 IST" name="Test" finished-at="2020-03-05T15:41:23 IST" duration-ms="31872">
      <class name="com.test.flipkart.OrderItem">
        <test-method is-config="true" signature="beforeclass()[pri:0, instance:com.test.flipkart.OrderItem@670002]" started-at="2020-03-05T15:40:51 IST" name="beforeclass" finished-at="2020-03-05T15:41:07 IST" duration-ms="16356" status="PASS">
          <reporter-output>
          </reporter-output>
        </test-method> <!-- beforeclass -->
        <test-method signature="openFlipkart()[pri:0, instance:com.test.flipkart.OrderItem@670002]" started-at="2020-03-05T15:41:07 IST" name="openFlipkart" finished-at="2020-03-05T15:41:08 IST" duration-ms="721" status="PASS">
          <reporter-output>
          </reporter-output>
        </test-method> <!-- openFlipkart -->
        <test-method signature="searchItem()[pri:0, instance:com.test.flipkart.OrderItem@670002]" started-at="2020-03-05T15:41:08 IST" name="searchItem" finished-at="2020-03-05T15:41:19 IST" depends-on-methods="com.test.flipkart.OrderItem.openFlipkart" duration-ms="10628" status="PASS">
          <reporter-output>
          </reporter-output>
        </test-method> <!-- searchItem -->
        <test-method signature="grantLocation()[pri:0, instance:com.test.flipkart.OrderItem@670002]" started-at="2020-03-05T15:41:19 IST" name="grantLocation" finished-at="2020-03-05T15:41:22 IST" depends-on-methods="com.test.flipkart.OrderItem.searchItem" duration-ms="3572" status="PASS">
          <reporter-output>
          </reporter-output>
        </test-method> <!-- grantLocation -->
        <test-method is-config="true" signature="afterclass()[pri:0, instance:com.test.flipkart.OrderItem@670002]" started-at="2020-03-05T15:41:22 IST" name="afterclass" finished-at="2020-03-05T15:41:23 IST" duration-ms="568" status="PASS">
          <reporter-output>
          </reporter-output>
        </test-method> <!-- afterclass -->
      </class> <!-- com.test.flipkart.OrderItem -->
    </test> <!-- Test -->
  </suite> <!-- Suite -->
</testng-results>
